2025-08-02 19:45:35.605 [info] Reading sessions from keychain...
2025-08-02 19:45:35.605 [info] Getting sessions for all scopes...
2025-08-02 19:45:35.605 [info] Got 0 sessions for ...
2025-08-02 19:45:35.605 [info] Getting sessions for all scopes...
2025-08-02 19:45:35.605 [info] Got 0 sessions for ...
2025-08-02 19:45:35.605 [info] Getting sessions for all scopes...
2025-08-02 19:45:35.605 [info] Got 0 sessions for ...
2025-08-02 19:45:35.605 [info] Getting sessions for all scopes...
2025-08-02 19:45:35.605 [info] Got 0 sessions for ...
2025-08-02 19:45:35.605 [info] Getting sessions for all scopes...
2025-08-02 19:45:35.605 [info] Got 0 sessions for ...
2025-08-02 19:45:35.605 [info] Getting sessions for all scopes...
2025-08-02 19:45:35.605 [info] Got 0 sessions for ...
2025-08-02 19:45:35.605 [info] Getting sessions for all scopes...
2025-08-02 19:45:35.605 [info] Got 0 sessions for ...
2025-08-02 19:45:35.606 [info] Getting sessions for all scopes...
2025-08-02 19:45:35.606 [info] Got 0 sessions for ...
2025-08-02 19:45:35.606 [info] Getting sessions for all scopes...
2025-08-02 19:45:35.606 [info] Got 0 sessions for ...
2025-08-02 19:45:35.606 [info] Getting sessions for all scopes...
2025-08-02 19:45:35.606 [info] Got 0 sessions for ...
2025-08-02 19:45:35.606 [info] Getting sessions for all scopes...
2025-08-02 19:45:35.606 [info] Got 0 sessions for ...
2025-08-02 19:45:35.606 [info] Getting sessions for all scopes...
2025-08-02 19:45:35.606 [info] Got 0 sessions for ...
2025-08-02 19:45:35.606 [info] Getting sessions for all scopes...
2025-08-02 19:45:35.606 [info] Got 0 sessions for ...
2025-08-02 19:45:35.606 [info] Getting sessions for all scopes...
2025-08-02 19:45:35.606 [info] Got 0 sessions for ...
2025-08-02 19:45:35.606 [info] Getting sessions for all scopes...
2025-08-02 19:45:35.606 [info] Got 0 sessions for ...
2025-08-02 19:45:35.606 [info] Getting sessions for all scopes...
2025-08-02 19:45:35.606 [info] Got 0 sessions for ...
2025-08-02 19:45:36.573 [info] Getting sessions for all scopes...
2025-08-02 19:45:36.573 [info] Got 0 sessions for ...
2025-08-02 19:45:36.573 [info] Getting sessions for all scopes...
2025-08-02 19:45:36.573 [info] Got 0 sessions for ...
2025-08-02 19:45:36.576 [info] Getting sessions for all scopes...
2025-08-02 19:45:36.576 [info] Got 0 sessions for ...
2025-08-02 19:46:15.476 [info] Getting sessions for user:email...
2025-08-02 19:46:15.476 [info] Got 0 sessions for user:email...
2025-08-02 19:46:15.741 [info] Getting sessions for all scopes...
2025-08-02 19:46:15.741 [info] Got 0 sessions for ...
