2025-07-30 02:14:25.012 [info] [main] Log level: Info
2025-07-30 02:14:25.012 [info] [main] Validating found git in: "git"
2025-07-30 02:14:25.012 [info] [main] Using git "2.43.0" from "git"
2025-07-30 02:14:25.012 [info] [Model][doInitialScan] Initial repository scan started
2025-07-30 02:14:25.012 [info] > git rev-parse --show-toplevel [6ms]
2025-07-30 02:14:25.012 [info] fatal: not a git repository (or any of the parent directories): .git
2025-07-30 02:14:25.012 [info] > git rev-parse --show-toplevel [1ms]
2025-07-30 02:14:25.012 [info] fatal: not a git repository (or any of the parent directories): .git
2025-07-30 02:14:25.012 [info] > git rev-parse --show-toplevel [1ms]
2025-07-30 02:14:25.012 [info] fatal: not a git repository (or any of the parent directories): .git
2025-07-30 02:14:25.012 [info] > git rev-parse --show-toplevel [1ms]
2025-07-30 02:14:25.012 [info] fatal: not a git repository (or any of the parent directories): .git
2025-07-30 02:14:25.012 [info] [Model][doInitialScan] Initial repository scan completed - repositories (0), closed repositories (0), parent repositories (0), unsafe repositories (0)
2025-07-30 02:14:26.728 [info] > git rev-parse --show-toplevel [1ms]
2025-07-30 02:14:26.728 [info] fatal: not a git repository (or any of the parent directories): .git
2025-07-30 02:14:51.440 [info] > git rev-parse --show-toplevel [18ms]
2025-07-30 02:14:51.440 [info] fatal: not a git repository (or any of the parent directories): .git
2025-07-30 02:14:57.976 [info] > git rev-parse --show-toplevel [4ms]
2025-07-30 02:14:57.976 [info] fatal: not a git repository (or any of the parent directories): .git
2025-07-30 02:15:01.731 [info] > git rev-parse --show-toplevel [0ms]
2025-07-30 02:15:01.731 [info] fatal: not a git repository (or any of the parent directories): .git
2025-07-30 02:15:09.746 [info] > git rev-parse --show-toplevel [1ms]
2025-07-30 02:15:09.746 [info] fatal: not a git repository (or any of the parent directories): .git
