2025-07-30 03:01:03.029 [info] [main] Log level: Info
2025-07-30 03:01:03.029 [info] [main] Validating found git in: "git"
2025-07-30 03:01:03.029 [info] [main] Using git "2.43.0" from "git"
2025-07-30 03:01:03.029 [info] [Model][doInitialScan] Initial repository scan started
2025-07-30 03:01:03.029 [info] > git rev-parse --show-toplevel [7ms]
2025-07-30 03:01:03.029 [info] fatal: not a git repository (or any of the parent directories): .git
2025-07-30 03:01:03.029 [info] > git rev-parse --show-toplevel [1ms]
2025-07-30 03:01:03.029 [info] fatal: not a git repository (or any of the parent directories): .git
2025-07-30 03:01:03.029 [info] > git rev-parse --show-toplevel [1ms]
2025-07-30 03:01:03.029 [info] fatal: not a git repository (or any of the parent directories): .git
2025-07-30 03:01:03.029 [info] > git rev-parse --show-toplevel [1ms]
2025-07-30 03:01:03.029 [info] fatal: not a git repository (or any of the parent directories): .git
2025-07-30 03:01:03.029 [info] [Model][doInitialScan] Initial repository scan completed - repositories (0), closed repositories (0), parent repositories (0), unsafe repositories (0)
2025-07-30 03:01:04.375 [info] > git rev-parse --show-toplevel [1ms]
2025-07-30 03:01:04.375 [info] fatal: not a git repository (or any of the parent directories): .git
2025-07-30 03:01:04.452 [info] > git rev-parse --show-toplevel [2ms]
2025-07-30 03:01:04.452 [info] fatal: not a git repository (or any of the parent directories): .git
2025-07-30 03:01:04.482 [info] > git rev-parse --show-toplevel [1ms]
2025-07-30 03:01:04.482 [info] fatal: not a git repository (or any of the parent directories): .git
2025-07-30 03:01:04.593 [info] > git rev-parse --show-toplevel [1ms]
2025-07-30 03:01:04.593 [info] fatal: not a git repository (or any of the parent directories): .git
2025-07-30 03:01:05.573 [info] > git rev-parse --show-toplevel [1ms]
2025-07-30 03:01:05.573 [info] fatal: not a git repository (or any of the parent directories): .git
2025-07-30 03:01:06.875 [info] > git rev-parse --show-toplevel [1ms]
2025-07-30 03:01:06.875 [info] fatal: not a git repository (or any of the parent directories): .git
