2025-07-30 02:05:05.512 [info] [main] Log level: Info
2025-07-30 02:05:05.512 [info] [main] Validating found git in: "git"
2025-07-30 02:05:05.512 [info] [main] Using git "2.43.0" from "git"
2025-07-30 02:05:05.512 [info] [Model][doInitialScan] Initial repository scan started
2025-07-30 02:05:05.512 [info] > git rev-parse --show-toplevel [8ms]
2025-07-30 02:05:05.512 [info] fatal: not a git repository (or any of the parent directories): .git
2025-07-30 02:05:05.512 [info] > git rev-parse --show-toplevel [6ms]
2025-07-30 02:05:05.512 [info] fatal: not a git repository (or any of the parent directories): .git
2025-07-30 02:05:05.512 [info] > git rev-parse --show-toplevel [1ms]
2025-07-30 02:05:05.512 [info] fatal: not a git repository (or any of the parent directories): .git
2025-07-30 02:05:05.512 [info] > git rev-parse --show-toplevel [1ms]
2025-07-30 02:05:05.512 [info] fatal: not a git repository (or any of the parent directories): .git
2025-07-30 02:05:05.512 [info] [Model][doInitialScan] Initial repository scan completed - repositories (0), closed repositories (0), parent repositories (0), unsafe repositories (0)
2025-07-30 02:05:07.241 [info] > git rev-parse --show-toplevel [2ms]
2025-07-30 02:05:07.241 [info] fatal: not a git repository (or any of the parent directories): .git
2025-07-30 02:07:22.369 [info] > git rev-parse --show-toplevel [21ms]
2025-07-30 02:07:22.369 [info] fatal: not a git repository (or any of the parent directories): .git
2025-07-30 02:07:33.204 [info] > git rev-parse --show-toplevel [1ms]
2025-07-30 02:07:33.204 [info] fatal: not a git repository (or any of the parent directories): .git
2025-07-30 02:07:41.185 [info] > git rev-parse --show-toplevel [1ms]
2025-07-30 02:07:41.185 [info] fatal: not a git repository (or any of the parent directories): .git
2025-07-30 02:07:50.258 [info] > git rev-parse --show-toplevel [1ms]
2025-07-30 02:07:50.258 [info] fatal: not a git repository (or any of the parent directories): .git
2025-07-30 02:07:57.098 [info] > git rev-parse --show-toplevel [1ms]
2025-07-30 02:07:57.098 [info] fatal: not a git repository (or any of the parent directories): .git
2025-07-30 02:08:03.319 [info] > git rev-parse --show-toplevel [1ms]
2025-07-30 02:08:03.319 [info] fatal: not a git repository (or any of the parent directories): .git
2025-07-30 02:08:10.621 [info] > git rev-parse --show-toplevel [2ms]
2025-07-30 02:08:10.621 [info] fatal: not a git repository (or any of the parent directories): .git
2025-07-30 02:08:25.680 [info] > git rev-parse --show-toplevel [1ms]
2025-07-30 02:08:25.680 [info] fatal: not a git repository (or any of the parent directories): .git
