2025-08-05 20:04:32.658 [info] Extension host with pid 13160 started
2025-08-05 20:04:32.667 [info] ExtensionService#_doActivateExtension vscode.github-authentication, startup: false, activationEvent: 'onAuthenticationRequest:github'
2025-08-05 20:04:32.707 [info] ExtensionService#_doActivateExtension vscode.git-base, startup: true, activationEvent: '*', root cause: vscode.git
2025-08-05 20:04:32.711 [info] ExtensionService#_doActivateExtension vscode.git, startup: true, activationEvent: '*'
2025-08-05 20:04:32.745 [info] ExtensionService#_doActivateExtension vscode.github, startup: true, activationEvent: '*'
2025-08-05 20:04:32.795 [info] Extension host terminating: renderer closed the MessagePort
2025-08-05 20:04:32.813 [error] ProxyResolver#addCertificatesV1 Canceled: Canceled
	at new OL (file:///usr/share/code/resources/app/out/vs/workbench/api/node/extensionHostProcess.js:29:113290)
	at a4.U (file:///usr/share/code/resources/app/out/vs/workbench/api/node/extensionHostProcess.js:29:117901)
	at s.<computed>.n.charCodeAt.s.<computed> (file:///usr/share/code/resources/app/out/vs/workbench/api/node/extensionHostProcess.js:29:115395)
	at nb.loadCertificates (file:///usr/share/code/resources/app/out/vs/workbench/api/node/extensionHostProcess.js:109:70667)
	at Object.loadAdditionalCertificates (file:///usr/share/code/resources/app/out/vs/workbench/api/node/extensionHostProcess.js:166:22848)
	at /usr/share/code/resources/app/node_modules/@vscode/proxy-agent/out/index.js:723:53
	at Generator.next (<anonymous>)
	at /usr/share/code/resources/app/node_modules/@vscode/proxy-agent/out/index.js:35:71
	at new Promise (<anonymous>)
	at __awaiter (/usr/share/code/resources/app/node_modules/@vscode/proxy-agent/out/index.js:31:12)
	at /usr/share/code/resources/app/node_modules/@vscode/proxy-agent/out/index.js:722:43
	at /usr/share/code/resources/app/node_modules/@vscode/proxy-agent/out/index.js:724:16
	at Generator.next (<anonymous>)
	at /usr/share/code/resources/app/node_modules/@vscode/proxy-agent/out/index.js:35:71
	at new Promise (<anonymous>)
	at __awaiter (/usr/share/code/resources/app/node_modules/@vscode/proxy-agent/out/index.js:31:12)
	at getOrLoadAdditionalCertificates (/usr/share/code/resources/app/node_modules/@vscode/proxy-agent/out/index.js:720:12)
	at addCertificatesToOptionsV1 (/usr/share/code/resources/app/node_modules/@vscode/proxy-agent/out/index.js:699:9)
	at resolveProxyWithRequest (/usr/share/code/resources/app/node_modules/@vscode/proxy-agent/out/index.js:114:9)
	at /usr/share/code/resources/app/node_modules/@vscode/proxy-agent/out/index.js:346:77
	at new Promise (<anonymous>)
	at PacProxyAgent.resolveP [as resolver] (/usr/share/code/resources/app/node_modules/@vscode/proxy-agent/out/index.js:346:54)
	at PacProxyAgent.<anonymous> (/usr/share/code/resources/app/node_modules/@vscode/proxy-agent/out/agent.js:74:37)
	at Generator.next (<anonymous>)
	at /usr/share/code/resources/app/node_modules/@vscode/proxy-agent/out/agent.js:8:71
	at new Promise (<anonymous>)
	at __awaiter (/usr/share/code/resources/app/node_modules/@vscode/proxy-agent/out/agent.js:4:12)
	at PacProxyAgent.connect (/usr/share/code/resources/app/node_modules/@vscode/proxy-agent/out/agent.js:56:16)
	at /usr/share/code/resources/app/node_modules/agent-base/dist/index.js:132:30
2025-08-05 20:04:32.813 [info] Extension host with pid 13160 exiting with code 0
