2025-07-30 02:18:01.719 [info] [main] Log level: Info
2025-07-30 02:18:01.719 [info] [main] Validating found git in: "git"
2025-07-30 02:18:01.719 [info] [main] Using git "2.43.0" from "git"
2025-07-30 02:18:01.719 [info] [Model][doInitialScan] Initial repository scan started
2025-07-30 02:18:01.719 [info] > git rev-parse --show-toplevel [10ms]
2025-07-30 02:18:01.719 [info] fatal: not a git repository (or any of the parent directories): .git
2025-07-30 02:18:01.719 [info] > git rev-parse --show-toplevel [1ms]
2025-07-30 02:18:01.719 [info] fatal: not a git repository (or any of the parent directories): .git
2025-07-30 02:18:01.719 [info] > git rev-parse --show-toplevel [1ms]
2025-07-30 02:18:01.719 [info] fatal: not a git repository (or any of the parent directories): .git
2025-07-30 02:18:01.719 [info] > git rev-parse --show-toplevel [1ms]
2025-07-30 02:18:01.719 [info] fatal: not a git repository (or any of the parent directories): .git
2025-07-30 02:18:01.719 [info] [Model][doInitialScan] Initial repository scan completed - repositories (0), closed repositories (0), parent repositories (0), unsafe repositories (0)
2025-07-30 02:18:03.027 [info] > git rev-parse --show-toplevel [2ms]
2025-07-30 02:18:03.027 [info] fatal: not a git repository (or any of the parent directories): .git
2025-07-30 02:18:03.114 [info] > git rev-parse --show-toplevel [1ms]
2025-07-30 02:18:03.114 [info] fatal: not a git repository (or any of the parent directories): .git
2025-07-30 02:18:03.146 [info] > git rev-parse --show-toplevel [2ms]
2025-07-30 02:18:03.146 [info] fatal: not a git repository (or any of the parent directories): .git
2025-07-30 02:18:03.254 [info] > git rev-parse --show-toplevel [1ms]
2025-07-30 02:18:03.254 [info] fatal: not a git repository (or any of the parent directories): .git
2025-07-30 02:18:05.526 [info] > git rev-parse --show-toplevel [1ms]
2025-07-30 02:18:05.526 [info] fatal: not a git repository (or any of the parent directories): .git
2025-07-30 02:18:07.181 [info] > git rev-parse --show-toplevel [1ms]
2025-07-30 02:18:07.181 [info] fatal: not a git repository (or any of the parent directories): .git
