2025-08-03 20:35:19 Loading main app package /opt/Obsidian/resources/obsidian.asar
2025-08-03 20:35:19 Checking for update using Github
2025-08-03 20:35:19 Success.
2025-08-03 20:35:19 Latest version is 1.8.10
2025-08-03 20:35:19 App is up to date.
2025-08-03 20:37:12 Loading main app package /opt/Obsidian/resources/obsidian.asar
2025-08-03 20:37:12 Checking for update using Github
2025-08-03 20:37:13 Success.
2025-08-03 20:37:13 Latest version is 1.8.10
2025-08-03 20:37:13 App is up to date.
2025-08-03 21:37:12 Checking for update using Github
2025-08-03 21:37:12 Success.
2025-08-03 21:37:12 Latest version is 1.8.10
2025-08-03 21:37:12 App is up to date.
2025-08-04 06:24:18 Loading main app package /opt/Obsidian/resources/obsidian.asar
2025-08-04 06:24:18 Checking for update using Github
2025-08-04 06:24:18 Success.
2025-08-04 06:24:18 Latest version is 1.8.10
2025-08-04 06:24:18 App is up to date.
2025-08-04 08:07:22 Loading main app package /opt/Obsidian/resources/obsidian.asar
2025-08-04 08:07:23 Checking for update using Github
2025-08-04 08:07:23 Success.
2025-08-04 08:07:23 Latest version is 1.8.10
2025-08-04 08:07:23 App is up to date.
2025-08-04 09:07:22 Checking for update using Github
2025-08-04 09:07:23 Success.
2025-08-04 09:07:23 Latest version is 1.8.10
2025-08-04 09:07:23 App is up to date.
2025-08-05 06:33:51 Loading main app package /opt/Obsidian/resources/obsidian.asar
2025-08-05 06:33:51 Checking for update using Github
2025-08-05 06:33:52 Success.
2025-08-05 06:33:52 Latest version is 1.8.10
2025-08-05 06:33:52 App is up to date.
2025-08-05 07:33:51 Checking for update using Github
2025-08-05 07:33:52 Success.
2025-08-05 07:33:52 Latest version is 1.8.10
2025-08-05 07:33:52 App is up to date.
2025-08-05 08:33:51 Checking for update using Github
2025-08-05 08:33:51 Success.
2025-08-05 08:33:51 Latest version is 1.8.10
2025-08-05 08:33:51 App is up to date.
