2025-07-30 02:55:32.951 [info] [main] Log level: Info
2025-07-30 02:55:32.951 [info] [main] Validating found git in: "git"
2025-07-30 02:55:32.951 [info] [main] Using git "2.43.0" from "git"
2025-07-30 02:55:32.951 [info] [Model][doInitialScan] Initial repository scan started
2025-07-30 02:55:32.951 [info] > git rev-parse --show-toplevel [5ms]
2025-07-30 02:55:32.951 [info] fatal: not a git repository (or any of the parent directories): .git
2025-07-30 02:55:32.951 [info] > git rev-parse --show-toplevel [1ms]
2025-07-30 02:55:32.951 [info] fatal: not a git repository (or any of the parent directories): .git
2025-07-30 02:55:32.951 [info] > git rev-parse --show-toplevel [1ms]
2025-07-30 02:55:32.951 [info] fatal: not a git repository (or any of the parent directories): .git
2025-07-30 02:55:32.951 [info] > git rev-parse --show-toplevel [2ms]
2025-07-30 02:55:32.951 [info] fatal: not a git repository (or any of the parent directories): .git
2025-07-30 02:55:32.951 [info] > git rev-parse --show-toplevel [1ms]
2025-07-30 02:55:32.951 [info] fatal: not a git repository (or any of the parent directories): .git
2025-07-30 02:55:32.951 [info] [Model][doInitialScan] Initial repository scan completed - repositories (0), closed repositories (0), parent repositories (0), unsafe repositories (0)
2025-07-30 02:55:34.212 [info] > git rev-parse --show-toplevel [1ms]
2025-07-30 02:55:34.212 [info] fatal: not a git repository (or any of the parent directories): .git
2025-07-30 02:58:43.725 [info] > git rev-parse --show-toplevel [24ms]
2025-07-30 02:58:43.725 [info] fatal: not a git repository (or any of the parent directories): .git
2025-07-30 02:59:23.337 [info] > git rev-parse --show-toplevel [1ms]
2025-07-30 02:59:23.337 [info] fatal: not a git repository (or any of the parent directories): .git
2025-07-30 02:59:26.274 [info] > git rev-parse --show-toplevel [1ms]
2025-07-30 02:59:26.274 [info] fatal: not a git repository (or any of the parent directories): .git
2025-07-30 02:59:29.412 [info] > git rev-parse --show-toplevel [1ms]
2025-07-30 02:59:29.412 [info] fatal: not a git repository (or any of the parent directories): .git
2025-07-30 02:59:33.423 [info] > git rev-parse --show-toplevel [1ms]
2025-07-30 02:59:33.423 [info] fatal: not a git repository (or any of the parent directories): .git
2025-07-30 02:59:37.503 [info] > git rev-parse --show-toplevel [1ms]
2025-07-30 02:59:37.503 [info] fatal: not a git repository (or any of the parent directories): .git
2025-07-30 02:59:52.540 [info] > git rev-parse --show-toplevel [1ms]
2025-07-30 02:59:52.540 [info] fatal: not a git repository (or any of the parent directories): .git
2025-07-30 03:00:33.371 [info] > git rev-parse --show-toplevel [2ms]
2025-07-30 03:00:33.371 [info] fatal: not a git repository (or any of the parent directories): .git
2025-07-30 03:00:37.160 [info] > git rev-parse --show-toplevel [1ms]
2025-07-30 03:00:37.160 [info] fatal: not a git repository (or any of the parent directories): .git
2025-07-30 03:00:55.019 [info] > git rev-parse --show-toplevel [1ms]
2025-07-30 03:00:55.019 [info] fatal: not a git repository (or any of the parent directories): .git
2025-07-30 03:00:59.949 [info] > git rev-parse --show-toplevel [1ms]
2025-07-30 03:00:59.949 [info] fatal: not a git repository (or any of the parent directories): .git
