2025-07-30 02:15:16.865 [info] [main] Log level: Info
2025-07-30 02:15:16.865 [info] [main] Validating found git in: "git"
2025-07-30 02:15:16.865 [info] [main] Using git "2.43.0" from "git"
2025-07-30 02:15:16.865 [info] [Model][doInitialScan] Initial repository scan started
2025-07-30 02:15:16.865 [info] > git rev-parse --show-toplevel [3ms]
2025-07-30 02:15:16.865 [info] fatal: not a git repository (or any of the parent directories): .git
2025-07-30 02:15:16.865 [info] > git rev-parse --show-toplevel [2ms]
2025-07-30 02:15:16.865 [info] fatal: not a git repository (or any of the parent directories): .git
2025-07-30 02:15:16.865 [info] > git rev-parse --show-toplevel [3ms]
2025-07-30 02:15:16.865 [info] fatal: not a git repository (or any of the parent directories): .git
2025-07-30 02:15:16.865 [info] > git rev-parse --show-toplevel [1ms]
2025-07-30 02:15:16.865 [info] fatal: not a git repository (or any of the parent directories): .git
2025-07-30 02:15:16.865 [info] [Model][doInitialScan] Initial repository scan completed - repositories (0), closed repositories (0), parent repositories (0), unsafe repositories (0)
2025-07-30 02:15:16.904 [info] > git rev-parse --show-toplevel [2ms]
2025-07-30 02:15:16.904 [info] fatal: not a git repository (or any of the parent directories): .git
2025-07-30 02:15:16.946 [info] > git rev-parse --show-toplevel [1ms]
2025-07-30 02:15:16.946 [info] fatal: not a git repository (or any of the parent directories): .git
2025-07-30 02:15:18.614 [info] > git rev-parse --show-toplevel [1ms]
2025-07-30 02:15:18.614 [info] fatal: not a git repository (or any of the parent directories): .git
2025-07-30 02:15:22.210 [info] > git rev-parse --show-toplevel [21ms]
2025-07-30 02:15:22.210 [info] fatal: not a git repository (or any of the parent directories): .git
2025-07-30 02:15:22.256 [info] > git rev-parse --show-toplevel [35ms]
2025-07-30 02:15:22.256 [info] fatal: not a git repository (or any of the parent directories): .git
2025-07-30 02:15:26.303 [info] > git rev-parse --show-toplevel [1ms]
2025-07-30 02:15:26.303 [info] fatal: not a git repository (or any of the parent directories): .git
2025-07-30 02:17:39.497 [info] > git rev-parse --show-toplevel [2ms]
2025-07-30 02:17:39.497 [info] fatal: not a git repository (or any of the parent directories): .git
2025-07-30 02:17:57.953 [info] > git rev-parse --show-toplevel [1ms]
2025-07-30 02:17:57.954 [info] fatal: not a git repository (or any of the parent directories): .git
